<?xml version="1.0" encoding="UTF-8"?>
<testng-results ignored="1" total="3" passed="2" failed="0" skipped="0">
  <reporter-output>
  </reporter-output>
  <suite started-at="2022-05-30T14:46:55 EDT" name="Suite1" finished-at="2022-05-30T14:47:01 EDT" duration-ms="6236">
    <groups>
    </groups>
    <test started-at="2022-05-30T14:46:55 EDT" name="Test1" finished-at="2022-05-30T14:47:01 EDT" duration-ms="6236">
      <class name="test.TestNG_Demo2">
        <test-method is-config="true" signature="setUpTest()[pri:0, instance:test.TestNG_Demo2@399f45b1]" started-at="2022-05-30T14:46:57 EDT" name="setUpTest" finished-at="2022-05-30T14:46:57 EDT" duration-ms="602" status="PASS">
          <reporter-output>
          </reporter-output>
        </test-method> <!-- setUpTest -->
        <test-method signature="googleSearch3()[pri:0, instance:test.TestNG_Demo2@399f45b1]" started-at="2022-05-30T14:46:57 EDT" name="googleSearch3" finished-at="2022-05-30T14:47:01 EDT" duration-ms="3740" status="PASS">
          <reporter-output>
          </reporter-output>
        </test-method> <!-- googleSearch3 -->
        <test-method is-config="true" signature="tearDownTest()[pri:0, instance:test.TestNG_Demo2@399f45b1]" started-at="2022-05-30T14:47:01 EDT" name="tearDownTest" finished-at="2022-05-30T14:47:01 EDT" duration-ms="122" status="PASS">
          <reporter-output>
          </reporter-output>
        </test-method> <!-- tearDownTest -->
      </class> <!-- test.TestNG_Demo2 -->
      <class name="test.TestNG_Demo">
        <test-method is-config="true" signature="setUpTest()[pri:0, instance:test.TestNG_Demo@6c64cb25]" started-at="2022-05-30T14:46:55 EDT" name="setUpTest" finished-at="2022-05-30T14:46:57 EDT" duration-ms="1630" status="PASS">
          <reporter-output>
          </reporter-output>
        </test-method> <!-- setUpTest -->
        <test-method signature="googleSearch()[pri:0, instance:test.TestNG_Demo@6c64cb25]" started-at="2022-05-30T14:46:57 EDT" name="googleSearch" finished-at="2022-05-30T14:47:01 EDT" duration-ms="3743" status="PASS">
          <reporter-output>
          </reporter-output>
        </test-method> <!-- googleSearch -->
        <test-method is-config="true" signature="tearDownTest()[pri:0, instance:test.TestNG_Demo@6c64cb25]" started-at="2022-05-30T14:47:01 EDT" name="tearDownTest" finished-at="2022-05-30T14:47:01 EDT" duration-ms="120" status="PASS">
          <reporter-output>
          </reporter-output>
        </test-method> <!-- tearDownTest -->
      </class> <!-- test.TestNG_Demo -->
    </test> <!-- Test1 -->
  </suite> <!-- Suite1 -->
</testng-results>
