<?xml version="1.0" encoding="UTF-8"?>
<!-- Generated by org.testng.reporters.JUnitXMLReporter -->
<testsuite ignored="1" hostname="DESKTOP-FHRGPS3" failures="0" tests="2" name="Test1" time="6.236" errors="0" timestamp="2022-05-30T14:47:01 EDT">
  <testcase classname="test.TestNG_Demo2" name="googleSearch3" time="3.74"/>
  <testcase classname="test.TestNG_Demo" name="googleSearch" time="3.743"/>
  <testcase classname="test.TestNG_Demo2" name="googleSearch2" time="0.0">
    <ignored/>
  </testcase> <!-- googleSearch2 -->
</testsuite> <!-- Test1 -->
